<?xml version="1.0" encoding="UTF-8"?>
<!-- Generated by org.testng.reporters.JUnitReportReporter -->
<testsuite hostname="DeshmukH" failures="0" tests="1" name="ECommerce.PageObjectModel.StandAloneMainStepDefs" time="18.949" errors="0" timestamp="2022-11-19T19:52:28 IST" skipped="0">
  <testcase classname="ECommerce.PageObjectModel.StandAloneMainStepDefs" name="SubmitOrderTest" time="18.949"/>
  <system-out/>
</testsuite> <!-- ECommerce.PageObjectModel.StandAloneMainStepDefs -->
