<?xml version="1.0" encoding="UTF-8"?>
<!-- Generated by org.testng.reporters.JUnitReportReporter -->
<testsuite hostname="DeshmukH" failures="0" tests="1" name="ECommerce.PageObjectModel.StandAloneMainStepDefs" time="21.222" errors="0" timestamp="2022-11-20T11:59:14 IST" skipped="0">
  <testcase classname="ECommerce.PageObjectModel.StandAloneMainStepDefs" name="SubmitOrderTest" time="21.222"/>
  <system-out/>
</testsuite> <!-- ECommerce.PageObjectModel.StandAloneMainStepDefs -->
